2024-10-17 13:12:03,849 [trainer.py] => config: ./exps/ease_ina.json
2024-10-17 13:12:03,849 [trainer.py] => prefix:  
2024-10-17 13:12:03,849 [trainer.py] => dataset: imageneta
2024-10-17 13:12:03,849 [trainer.py] => memory_size: 0
2024-10-17 13:12:03,849 [trainer.py] => memory_per_class: 0
2024-10-17 13:12:03,849 [trainer.py] => fixed_memory: False
2024-10-17 13:12:03,849 [trainer.py] => shuffle: True
2024-10-17 13:12:03,849 [trainer.py] => init_cls: 20
2024-10-17 13:12:03,849 [trainer.py] => increment: 20
2024-10-17 13:12:03,849 [trainer.py] => model_name: ease
2024-10-17 13:12:03,849 [trainer.py] => backbone_type: vit_base_patch16_224_ease
2024-10-17 13:12:03,849 [trainer.py] => device: [device(type='cuda', index=3)]
2024-10-17 13:12:03,849 [trainer.py] => seed: 1993
2024-10-17 13:12:03,849 [trainer.py] => init_epochs: 20
2024-10-17 13:12:03,849 [trainer.py] => init_lr: 0.05
2024-10-17 13:12:03,849 [trainer.py] => later_epochs: 20
2024-10-17 13:12:03,849 [trainer.py] => later_lr: 0.05
2024-10-17 13:12:03,849 [trainer.py] => batch_size: 32
2024-10-17 13:12:03,849 [trainer.py] => weight_decay: 0.005
2024-10-17 13:12:03,849 [trainer.py] => min_lr: 0
2024-10-17 13:12:03,849 [trainer.py] => optimizer: sgd
2024-10-17 13:12:03,849 [trainer.py] => scheduler: cosine
2024-10-17 13:12:03,849 [trainer.py] => pretrained: True
2024-10-17 13:12:03,849 [trainer.py] => vpt_type: Deep
2024-10-17 13:12:03,849 [trainer.py] => prompt_token_num: 5
2024-10-17 13:12:03,849 [trainer.py] => ffn_num: 64
2024-10-17 13:12:03,849 [trainer.py] => use_diagonal: False
2024-10-17 13:12:03,849 [trainer.py] => recalc_sim: True
2024-10-17 13:12:03,849 [trainer.py] => alpha: 0.1
2024-10-17 13:12:03,849 [trainer.py] => use_init_ptm: False
2024-10-17 13:12:03,849 [trainer.py] => beta: 0
2024-10-17 13:12:03,849 [trainer.py] => use_old_data: False
2024-10-17 13:12:03,849 [trainer.py] => use_reweight: True
2024-10-17 13:12:03,849 [trainer.py] => moni_adam: False
2024-10-17 13:12:03,849 [trainer.py] => adapter_num: -1
2024-10-17 13:13:40,324 [trainer.py] => config: ./exps/ease_ina.json
2024-10-17 13:13:40,324 [trainer.py] => prefix:  
2024-10-17 13:13:40,324 [trainer.py] => dataset: imageneta
2024-10-17 13:13:40,324 [trainer.py] => memory_size: 0
2024-10-17 13:13:40,324 [trainer.py] => memory_per_class: 0
2024-10-17 13:13:40,324 [trainer.py] => fixed_memory: False
2024-10-17 13:13:40,324 [trainer.py] => shuffle: True
2024-10-17 13:13:40,324 [trainer.py] => init_cls: 20
2024-10-17 13:13:40,324 [trainer.py] => increment: 20
2024-10-17 13:13:40,324 [trainer.py] => model_name: ease
2024-10-17 13:13:40,324 [trainer.py] => backbone_type: vit_base_patch16_224_ease
2024-10-17 13:13:40,324 [trainer.py] => device: [device(type='cuda', index=3)]
2024-10-17 13:13:40,324 [trainer.py] => seed: 1993
2024-10-17 13:13:40,324 [trainer.py] => init_epochs: 20
2024-10-17 13:13:40,324 [trainer.py] => init_lr: 0.05
2024-10-17 13:13:40,324 [trainer.py] => later_epochs: 20
2024-10-17 13:13:40,324 [trainer.py] => later_lr: 0.05
2024-10-17 13:13:40,324 [trainer.py] => batch_size: 32
2024-10-17 13:13:40,324 [trainer.py] => weight_decay: 0.005
2024-10-17 13:13:40,324 [trainer.py] => min_lr: 0
2024-10-17 13:13:40,324 [trainer.py] => optimizer: sgd
2024-10-17 13:13:40,324 [trainer.py] => scheduler: cosine
2024-10-17 13:13:40,324 [trainer.py] => pretrained: True
2024-10-17 13:13:40,324 [trainer.py] => vpt_type: Deep
2024-10-17 13:13:40,324 [trainer.py] => prompt_token_num: 5
2024-10-17 13:13:40,324 [trainer.py] => ffn_num: 64
2024-10-17 13:13:40,324 [trainer.py] => use_diagonal: False
2024-10-17 13:13:40,324 [trainer.py] => recalc_sim: True
2024-10-17 13:13:40,324 [trainer.py] => alpha: 0.1
2024-10-17 13:13:40,324 [trainer.py] => use_init_ptm: False
2024-10-17 13:13:40,324 [trainer.py] => beta: 0
2024-10-17 13:13:40,324 [trainer.py] => use_old_data: False
2024-10-17 13:13:40,324 [trainer.py] => use_reweight: True
2024-10-17 13:13:40,324 [trainer.py] => moni_adam: False
2024-10-17 13:13:40,324 [trainer.py] => adapter_num: -1
2024-10-17 13:14:06,989 [trainer.py] => config: ./exps/ease_ina.json
2024-10-17 13:14:06,989 [trainer.py] => prefix:  
2024-10-17 13:14:06,989 [trainer.py] => dataset: imageneta
2024-10-17 13:14:06,989 [trainer.py] => memory_size: 0
2024-10-17 13:14:06,989 [trainer.py] => memory_per_class: 0
2024-10-17 13:14:06,989 [trainer.py] => fixed_memory: False
2024-10-17 13:14:06,989 [trainer.py] => shuffle: True
2024-10-17 13:14:06,989 [trainer.py] => init_cls: 20
2024-10-17 13:14:06,989 [trainer.py] => increment: 20
2024-10-17 13:14:06,989 [trainer.py] => model_name: ease
2024-10-17 13:14:06,989 [trainer.py] => backbone_type: vit_base_patch16_224_ease
2024-10-17 13:14:06,989 [trainer.py] => device: [device(type='cuda', index=3)]
2024-10-17 13:14:06,989 [trainer.py] => seed: 1993
2024-10-17 13:14:06,989 [trainer.py] => init_epochs: 20
2024-10-17 13:14:06,989 [trainer.py] => init_lr: 0.05
2024-10-17 13:14:06,989 [trainer.py] => later_epochs: 20
2024-10-17 13:14:06,989 [trainer.py] => later_lr: 0.05
2024-10-17 13:14:06,989 [trainer.py] => batch_size: 32
2024-10-17 13:14:06,989 [trainer.py] => weight_decay: 0.005
2024-10-17 13:14:06,989 [trainer.py] => min_lr: 0
2024-10-17 13:14:06,989 [trainer.py] => optimizer: sgd
2024-10-17 13:14:06,989 [trainer.py] => scheduler: cosine
2024-10-17 13:14:06,989 [trainer.py] => pretrained: True
2024-10-17 13:14:06,989 [trainer.py] => vpt_type: Deep
2024-10-17 13:14:06,989 [trainer.py] => prompt_token_num: 5
2024-10-17 13:14:06,989 [trainer.py] => ffn_num: 64
2024-10-17 13:14:06,989 [trainer.py] => use_diagonal: False
2024-10-17 13:14:06,989 [trainer.py] => recalc_sim: True
2024-10-17 13:14:06,989 [trainer.py] => alpha: 0.1
2024-10-17 13:14:06,989 [trainer.py] => use_init_ptm: False
2024-10-17 13:14:06,989 [trainer.py] => beta: 0
2024-10-17 13:14:06,989 [trainer.py] => use_old_data: False
2024-10-17 13:14:06,989 [trainer.py] => use_reweight: True
2024-10-17 13:14:06,989 [trainer.py] => moni_adam: False
2024-10-17 13:14:06,989 [trainer.py] => adapter_num: -1
2024-10-17 13:14:22,282 [trainer.py] => config: ./exps/ease_ina.json
2024-10-17 13:14:22,282 [trainer.py] => prefix:  
2024-10-17 13:14:22,282 [trainer.py] => dataset: imageneta
2024-10-17 13:14:22,282 [trainer.py] => memory_size: 0
2024-10-17 13:14:22,282 [trainer.py] => memory_per_class: 0
2024-10-17 13:14:22,282 [trainer.py] => fixed_memory: False
2024-10-17 13:14:22,282 [trainer.py] => shuffle: True
2024-10-17 13:14:22,282 [trainer.py] => init_cls: 20
2024-10-17 13:14:22,282 [trainer.py] => increment: 20
2024-10-17 13:14:22,282 [trainer.py] => model_name: ease
2024-10-17 13:14:22,282 [trainer.py] => backbone_type: vit_base_patch16_224_ease
2024-10-17 13:14:22,282 [trainer.py] => device: [device(type='cuda', index=3)]
2024-10-17 13:14:22,282 [trainer.py] => seed: 1993
2024-10-17 13:14:22,282 [trainer.py] => init_epochs: 20
2024-10-17 13:14:22,282 [trainer.py] => init_lr: 0.05
2024-10-17 13:14:22,282 [trainer.py] => later_epochs: 20
2024-10-17 13:14:22,282 [trainer.py] => later_lr: 0.05
2024-10-17 13:14:22,282 [trainer.py] => batch_size: 32
2024-10-17 13:14:22,282 [trainer.py] => weight_decay: 0.005
2024-10-17 13:14:22,282 [trainer.py] => min_lr: 0
2024-10-17 13:14:22,282 [trainer.py] => optimizer: sgd
2024-10-17 13:14:22,282 [trainer.py] => scheduler: cosine
2024-10-17 13:14:22,282 [trainer.py] => pretrained: True
2024-10-17 13:14:22,282 [trainer.py] => vpt_type: Deep
2024-10-17 13:14:22,282 [trainer.py] => prompt_token_num: 5
2024-10-17 13:14:22,282 [trainer.py] => ffn_num: 64
2024-10-17 13:14:22,282 [trainer.py] => use_diagonal: False
2024-10-17 13:14:22,282 [trainer.py] => recalc_sim: True
2024-10-17 13:14:22,282 [trainer.py] => alpha: 0.1
2024-10-17 13:14:22,282 [trainer.py] => use_init_ptm: False
2024-10-17 13:14:22,282 [trainer.py] => beta: 0
2024-10-17 13:14:22,282 [trainer.py] => use_old_data: False
2024-10-17 13:14:22,282 [trainer.py] => use_reweight: True
2024-10-17 13:14:22,282 [trainer.py] => moni_adam: False
2024-10-17 13:14:22,282 [trainer.py] => adapter_num: -1
2024-10-17 13:25:51,269 [trainer.py] => config: ./exps/ease_ina.json
2024-10-17 13:25:51,269 [trainer.py] => prefix:  
2024-10-17 13:25:51,269 [trainer.py] => dataset: imageneta
2024-10-17 13:25:51,269 [trainer.py] => memory_size: 0
2024-10-17 13:25:51,269 [trainer.py] => memory_per_class: 0
2024-10-17 13:25:51,269 [trainer.py] => fixed_memory: False
2024-10-17 13:25:51,269 [trainer.py] => shuffle: True
2024-10-17 13:25:51,269 [trainer.py] => init_cls: 20
2024-10-17 13:25:51,269 [trainer.py] => increment: 20
2024-10-17 13:25:51,269 [trainer.py] => model_name: ease
2024-10-17 13:25:51,269 [trainer.py] => backbone_type: vit_base_patch16_224_ease
2024-10-17 13:25:51,269 [trainer.py] => device: [device(type='cuda', index=3)]
2024-10-17 13:25:51,269 [trainer.py] => seed: 1993
2024-10-17 13:25:51,269 [trainer.py] => init_epochs: 20
2024-10-17 13:25:51,269 [trainer.py] => init_lr: 0.05
2024-10-17 13:25:51,269 [trainer.py] => later_epochs: 20
2024-10-17 13:25:51,269 [trainer.py] => later_lr: 0.05
2024-10-17 13:25:51,269 [trainer.py] => batch_size: 32
2024-10-17 13:25:51,269 [trainer.py] => weight_decay: 0.005
2024-10-17 13:25:51,269 [trainer.py] => min_lr: 0
2024-10-17 13:25:51,269 [trainer.py] => optimizer: sgd
2024-10-17 13:25:51,269 [trainer.py] => scheduler: cosine
2024-10-17 13:25:51,269 [trainer.py] => pretrained: True
2024-10-17 13:25:51,269 [trainer.py] => vpt_type: Deep
2024-10-17 13:25:51,269 [trainer.py] => prompt_token_num: 5
2024-10-17 13:25:51,269 [trainer.py] => ffn_num: 64
2024-10-17 13:25:51,269 [trainer.py] => use_diagonal: False
2024-10-17 13:25:51,269 [trainer.py] => recalc_sim: True
2024-10-17 13:25:51,269 [trainer.py] => alpha: 0.1
2024-10-17 13:25:51,269 [trainer.py] => use_init_ptm: False
2024-10-17 13:25:51,269 [trainer.py] => beta: 0
2024-10-17 13:25:51,282 [trainer.py] => use_old_data: False
2024-10-17 13:25:51,282 [trainer.py] => use_reweight: True
2024-10-17 13:25:51,282 [trainer.py] => moni_adam: False
2024-10-17 13:25:51,282 [trainer.py] => adapter_num: -1
2024-10-17 14:21:09,105 [trainer.py] => config: ./exps/ease_ina.json
2024-10-17 14:21:09,105 [trainer.py] => prefix:  
2024-10-17 14:21:09,105 [trainer.py] => dataset: imageneta
2024-10-17 14:21:09,105 [trainer.py] => memory_size: 0
2024-10-17 14:21:09,105 [trainer.py] => memory_per_class: 0
2024-10-17 14:21:09,105 [trainer.py] => fixed_memory: False
2024-10-17 14:21:09,105 [trainer.py] => shuffle: True
2024-10-17 14:21:09,105 [trainer.py] => init_cls: 20
2024-10-17 14:21:09,105 [trainer.py] => increment: 20
2024-10-17 14:21:09,105 [trainer.py] => model_name: ease
2024-10-17 14:21:09,105 [trainer.py] => backbone_type: vit_base_patch16_224_ease
2024-10-17 14:21:09,105 [trainer.py] => device: [device(type='cuda', index=3)]
2024-10-17 14:21:09,105 [trainer.py] => seed: 1993
2024-10-17 14:21:09,105 [trainer.py] => init_epochs: 20
2024-10-17 14:21:09,105 [trainer.py] => init_lr: 0.05
2024-10-17 14:21:09,105 [trainer.py] => later_epochs: 20
2024-10-17 14:21:09,105 [trainer.py] => later_lr: 0.05
2024-10-17 14:21:09,105 [trainer.py] => batch_size: 32
2024-10-17 14:21:09,105 [trainer.py] => weight_decay: 0.005
2024-10-17 14:21:09,105 [trainer.py] => min_lr: 0
2024-10-17 14:21:09,105 [trainer.py] => optimizer: sgd
2024-10-17 14:21:09,105 [trainer.py] => scheduler: cosine
2024-10-17 14:21:09,105 [trainer.py] => pretrained: True
2024-10-17 14:21:09,105 [trainer.py] => vpt_type: Deep
2024-10-17 14:21:09,105 [trainer.py] => prompt_token_num: 5
2024-10-17 14:21:09,105 [trainer.py] => ffn_num: 64
2024-10-17 14:21:09,105 [trainer.py] => use_diagonal: False
2024-10-17 14:21:09,105 [trainer.py] => recalc_sim: True
2024-10-17 14:21:09,105 [trainer.py] => alpha: 0.1
2024-10-17 14:21:09,105 [trainer.py] => use_init_ptm: False
2024-10-17 14:21:09,105 [trainer.py] => beta: 0
2024-10-17 14:21:09,105 [trainer.py] => use_old_data: False
2024-10-17 14:21:09,105 [trainer.py] => use_reweight: True
2024-10-17 14:21:09,105 [trainer.py] => moni_adam: False
2024-10-17 14:21:09,105 [trainer.py] => adapter_num: -1
2024-10-17 14:27:28,917 [trainer.py] => config: ./exps/ease_ina.json
2024-10-17 14:27:28,917 [trainer.py] => prefix:  
2024-10-17 14:27:28,917 [trainer.py] => dataset: imageneta
2024-10-17 14:27:28,917 [trainer.py] => memory_size: 0
2024-10-17 14:27:28,917 [trainer.py] => memory_per_class: 0
2024-10-17 14:27:28,917 [trainer.py] => fixed_memory: False
2024-10-17 14:27:28,917 [trainer.py] => shuffle: True
2024-10-17 14:27:28,917 [trainer.py] => init_cls: 20
2024-10-17 14:27:28,917 [trainer.py] => increment: 20
2024-10-17 14:27:28,917 [trainer.py] => model_name: ease
2024-10-17 14:27:28,917 [trainer.py] => backbone_type: vit_base_patch16_224_ease
2024-10-17 14:27:28,917 [trainer.py] => device: [device(type='cuda', index=3)]
2024-10-17 14:27:28,917 [trainer.py] => seed: 1993
2024-10-17 14:27:28,917 [trainer.py] => init_epochs: 20
2024-10-17 14:27:28,917 [trainer.py] => init_lr: 0.05
2024-10-17 14:27:28,917 [trainer.py] => later_epochs: 20
2024-10-17 14:27:28,917 [trainer.py] => later_lr: 0.05
2024-10-17 14:27:28,917 [trainer.py] => batch_size: 32
2024-10-17 14:27:28,917 [trainer.py] => weight_decay: 0.005
2024-10-17 14:27:28,917 [trainer.py] => min_lr: 0
2024-10-17 14:27:28,917 [trainer.py] => optimizer: sgd
2024-10-17 14:27:28,917 [trainer.py] => scheduler: cosine
2024-10-17 14:27:28,917 [trainer.py] => pretrained: True
2024-10-17 14:27:28,917 [trainer.py] => vpt_type: Deep
2024-10-17 14:27:28,917 [trainer.py] => prompt_token_num: 5
2024-10-17 14:27:28,917 [trainer.py] => ffn_num: 64
2024-10-17 14:27:28,917 [trainer.py] => use_diagonal: False
2024-10-17 14:27:28,917 [trainer.py] => recalc_sim: True
2024-10-17 14:27:28,917 [trainer.py] => alpha: 0.1
2024-10-17 14:27:28,917 [trainer.py] => use_init_ptm: False
2024-10-17 14:27:28,917 [trainer.py] => beta: 0
2024-10-17 14:27:28,917 [trainer.py] => use_old_data: False
2024-10-17 14:27:28,917 [trainer.py] => use_reweight: True
2024-10-17 14:27:28,917 [trainer.py] => moni_adam: False
2024-10-17 14:27:28,917 [trainer.py] => adapter_num: -1
2024-10-17 14:46:44,073 [trainer.py] => config: ./exps/ease_ina.json
2024-10-17 14:46:44,073 [trainer.py] => prefix:  
2024-10-17 14:46:44,073 [trainer.py] => dataset: imageneta
2024-10-17 14:46:44,073 [trainer.py] => memory_size: 0
2024-10-17 14:46:44,073 [trainer.py] => memory_per_class: 0
2024-10-17 14:46:44,073 [trainer.py] => fixed_memory: False
2024-10-17 14:46:44,073 [trainer.py] => shuffle: True
2024-10-17 14:46:44,073 [trainer.py] => init_cls: 20
2024-10-17 14:46:44,073 [trainer.py] => increment: 20
2024-10-17 14:46:44,073 [trainer.py] => model_name: ease
2024-10-17 14:46:44,073 [trainer.py] => backbone_type: vit_base_patch16_224_ease
2024-10-17 14:46:44,073 [trainer.py] => device: [device(type='cuda', index=3)]
2024-10-17 14:46:44,073 [trainer.py] => seed: 1993
2024-10-17 14:46:44,073 [trainer.py] => init_epochs: 20
2024-10-17 14:46:44,073 [trainer.py] => init_lr: 0.05
2024-10-17 14:46:44,073 [trainer.py] => later_epochs: 20
2024-10-17 14:46:44,073 [trainer.py] => later_lr: 0.05
2024-10-17 14:46:44,073 [trainer.py] => batch_size: 32
2024-10-17 14:46:44,073 [trainer.py] => weight_decay: 0.005
2024-10-17 14:46:44,073 [trainer.py] => min_lr: 0
2024-10-17 14:46:44,073 [trainer.py] => optimizer: sgd
2024-10-17 14:46:44,073 [trainer.py] => scheduler: cosine
2024-10-17 14:46:44,073 [trainer.py] => pretrained: True
2024-10-17 14:46:44,073 [trainer.py] => vpt_type: Deep
2024-10-17 14:46:44,073 [trainer.py] => prompt_token_num: 5
2024-10-17 14:46:44,073 [trainer.py] => ffn_num: 64
2024-10-17 14:46:44,073 [trainer.py] => use_diagonal: False
2024-10-17 14:46:44,073 [trainer.py] => recalc_sim: True
2024-10-17 14:46:44,073 [trainer.py] => alpha: 0.1
2024-10-17 14:46:44,073 [trainer.py] => use_init_ptm: False
2024-10-17 14:46:44,073 [trainer.py] => beta: 0
2024-10-17 14:46:44,073 [trainer.py] => use_old_data: False
2024-10-17 14:46:44,073 [trainer.py] => use_reweight: True
2024-10-17 14:46:44,073 [trainer.py] => moni_adam: False
2024-10-17 14:46:44,073 [trainer.py] => adapter_num: -1
2024-10-17 14:46:44,298 [data_manage.py] => [168, 136, 51, 9, 183, 101, 171, 99, 42, 159, 191, 70, 16, 188, 27, 10, 175, 26, 68, 187, 98, 6, 85, 35, 112, 43, 100, 0, 103, 181, 88, 59, 4, 2, 116, 174, 94, 80, 106, 1, 147, 17, 141, 131, 72, 23, 173, 54, 197, 118, 87, 32, 79, 104, 91, 19, 135, 107, 178, 36, 11, 199, 142, 8, 122, 3, 28, 57, 153, 172, 190, 56, 49, 44, 97, 62, 151, 169, 194, 55, 192, 12, 189, 78, 66, 180, 15, 137, 109, 134, 92, 119, 126, 52, 170, 40, 148, 65, 144, 64, 138, 45, 77, 89, 154, 90, 71, 193, 74, 30, 113, 143, 96, 84, 67, 50, 186, 156, 69, 21, 18, 111, 108, 58, 125, 157, 150, 110, 182, 129, 166, 83, 81, 60, 13, 165, 14, 176, 63, 117, 5, 22, 145, 121, 38, 41, 82, 127, 114, 20, 31, 53, 37, 163, 196, 130, 152, 162, 86, 76, 24, 34, 184, 149, 33, 128, 198, 155, 146, 167, 139, 120, 140, 102, 47, 25, 158, 123, 46, 164, 61, 7, 115, 75, 133, 160, 105, 132, 179, 124, 48, 73, 93, 39, 95, 195, 29, 177, 185, 161]
2024-10-17 14:48:58,701 [trainer.py] => config: ./exps/ease_ina.json
2024-10-17 14:48:58,701 [trainer.py] => prefix:  
2024-10-17 14:48:58,701 [trainer.py] => dataset: imageneta
2024-10-17 14:48:58,701 [trainer.py] => memory_size: 0
2024-10-17 14:48:58,701 [trainer.py] => memory_per_class: 0
2024-10-17 14:48:58,701 [trainer.py] => fixed_memory: False
2024-10-17 14:48:58,701 [trainer.py] => shuffle: True
2024-10-17 14:48:58,701 [trainer.py] => init_cls: 20
2024-10-17 14:48:58,701 [trainer.py] => increment: 20
2024-10-17 14:48:58,701 [trainer.py] => model_name: ease
2024-10-17 14:48:58,701 [trainer.py] => backbone_type: vit_base_patch16_224_ease
2024-10-17 14:48:58,701 [trainer.py] => device: [device(type='cuda', index=3)]
2024-10-17 14:48:58,701 [trainer.py] => seed: 1993
2024-10-17 14:48:58,701 [trainer.py] => init_epochs: 20
2024-10-17 14:48:58,701 [trainer.py] => init_lr: 0.05
2024-10-17 14:48:58,701 [trainer.py] => later_epochs: 20
2024-10-17 14:48:58,701 [trainer.py] => later_lr: 0.05
2024-10-17 14:48:58,701 [trainer.py] => batch_size: 32
2024-10-17 14:48:58,701 [trainer.py] => weight_decay: 0.005
2024-10-17 14:48:58,701 [trainer.py] => min_lr: 0
2024-10-17 14:48:58,701 [trainer.py] => optimizer: sgd
2024-10-17 14:48:58,701 [trainer.py] => scheduler: cosine
2024-10-17 14:48:58,701 [trainer.py] => pretrained: True
2024-10-17 14:48:58,701 [trainer.py] => vpt_type: Deep
2024-10-17 14:48:58,701 [trainer.py] => prompt_token_num: 5
2024-10-17 14:48:58,701 [trainer.py] => ffn_num: 64
2024-10-17 14:48:58,701 [trainer.py] => use_diagonal: False
2024-10-17 14:48:58,701 [trainer.py] => recalc_sim: True
2024-10-17 14:48:58,701 [trainer.py] => alpha: 0.1
2024-10-17 14:48:58,701 [trainer.py] => use_init_ptm: False
2024-10-17 14:48:58,701 [trainer.py] => beta: 0
2024-10-17 14:48:58,701 [trainer.py] => use_old_data: False
2024-10-17 14:48:58,701 [trainer.py] => use_reweight: True
2024-10-17 14:48:58,701 [trainer.py] => moni_adam: False
2024-10-17 14:48:58,701 [trainer.py] => adapter_num: -1
2024-10-17 14:48:58,941 [data_manage.py] => [168, 136, 51, 9, 183, 101, 171, 99, 42, 159, 191, 70, 16, 188, 27, 10, 175, 26, 68, 187, 98, 6, 85, 35, 112, 43, 100, 0, 103, 181, 88, 59, 4, 2, 116, 174, 94, 80, 106, 1, 147, 17, 141, 131, 72, 23, 173, 54, 197, 118, 87, 32, 79, 104, 91, 19, 135, 107, 178, 36, 11, 199, 142, 8, 122, 3, 28, 57, 153, 172, 190, 56, 49, 44, 97, 62, 151, 169, 194, 55, 192, 12, 189, 78, 66, 180, 15, 137, 109, 134, 92, 119, 126, 52, 170, 40, 148, 65, 144, 64, 138, 45, 77, 89, 154, 90, 71, 193, 74, 30, 113, 143, 96, 84, 67, 50, 186, 156, 69, 21, 18, 111, 108, 58, 125, 157, 150, 110, 182, 129, 166, 83, 81, 60, 13, 165, 14, 176, 63, 117, 5, 22, 145, 121, 38, 41, 82, 127, 114, 20, 31, 53, 37, 163, 196, 130, 152, 162, 86, 76, 24, 34, 184, 149, 33, 128, 198, 155, 146, 167, 139, 120, 140, 102, 47, 25, 158, 123, 46, 164, 61, 7, 115, 75, 133, 160, 105, 132, 179, 124, 48, 73, 93, 39, 95, 195, 29, 177, 185, 161]
2024-10-17 14:53:51,887 [trainer.py] => config: ./exps/ease_ina.json
2024-10-17 14:53:51,887 [trainer.py] => prefix:  
2024-10-17 14:53:51,887 [trainer.py] => dataset: imageneta
2024-10-17 14:53:51,887 [trainer.py] => memory_size: 0
2024-10-17 14:53:51,887 [trainer.py] => memory_per_class: 0
2024-10-17 14:53:51,887 [trainer.py] => fixed_memory: False
2024-10-17 14:53:51,887 [trainer.py] => shuffle: True
2024-10-17 14:53:51,887 [trainer.py] => init_cls: 20
2024-10-17 14:53:51,887 [trainer.py] => increment: 20
2024-10-17 14:53:51,887 [trainer.py] => model_name: ease
2024-10-17 14:53:51,887 [trainer.py] => backbone_type: vit_base_patch16_224_ease
2024-10-17 14:53:51,887 [trainer.py] => device: [device(type='cuda', index=3)]
2024-10-17 14:53:51,887 [trainer.py] => seed: 1993
2024-10-17 14:53:51,887 [trainer.py] => init_epochs: 20
2024-10-17 14:53:51,887 [trainer.py] => init_lr: 0.05
2024-10-17 14:53:51,887 [trainer.py] => later_epochs: 20
2024-10-17 14:53:51,887 [trainer.py] => later_lr: 0.05
2024-10-17 14:53:51,887 [trainer.py] => batch_size: 32
2024-10-17 14:53:51,887 [trainer.py] => weight_decay: 0.005
2024-10-17 14:53:51,887 [trainer.py] => min_lr: 0
2024-10-17 14:53:51,887 [trainer.py] => optimizer: sgd
2024-10-17 14:53:51,887 [trainer.py] => scheduler: cosine
2024-10-17 14:53:51,887 [trainer.py] => pretrained: True
2024-10-17 14:53:51,887 [trainer.py] => vpt_type: Deep
2024-10-17 14:53:51,887 [trainer.py] => prompt_token_num: 5
2024-10-17 14:53:51,887 [trainer.py] => ffn_num: 64
2024-10-17 14:53:51,887 [trainer.py] => use_diagonal: False
2024-10-17 14:53:51,887 [trainer.py] => recalc_sim: True
2024-10-17 14:53:51,887 [trainer.py] => alpha: 0.1
2024-10-17 14:53:51,887 [trainer.py] => use_init_ptm: False
2024-10-17 14:53:51,887 [trainer.py] => beta: 0
2024-10-17 14:53:51,887 [trainer.py] => use_old_data: False
2024-10-17 14:53:51,887 [trainer.py] => use_reweight: True
2024-10-17 14:53:51,887 [trainer.py] => moni_adam: False
2024-10-17 14:53:51,887 [trainer.py] => adapter_num: -1
2024-10-17 14:53:52,120 [data_manage.py] => [168, 136, 51, 9, 183, 101, 171, 99, 42, 159, 191, 70, 16, 188, 27, 10, 175, 26, 68, 187, 98, 6, 85, 35, 112, 43, 100, 0, 103, 181, 88, 59, 4, 2, 116, 174, 94, 80, 106, 1, 147, 17, 141, 131, 72, 23, 173, 54, 197, 118, 87, 32, 79, 104, 91, 19, 135, 107, 178, 36, 11, 199, 142, 8, 122, 3, 28, 57, 153, 172, 190, 56, 49, 44, 97, 62, 151, 169, 194, 55, 192, 12, 189, 78, 66, 180, 15, 137, 109, 134, 92, 119, 126, 52, 170, 40, 148, 65, 144, 64, 138, 45, 77, 89, 154, 90, 71, 193, 74, 30, 113, 143, 96, 84, 67, 50, 186, 156, 69, 21, 18, 111, 108, 58, 125, 157, 150, 110, 182, 129, 166, 83, 81, 60, 13, 165, 14, 176, 63, 117, 5, 22, 145, 121, 38, 41, 82, 127, 114, 20, 31, 53, 37, 163, 196, 130, 152, 162, 86, 76, 24, 34, 184, 149, 33, 128, 198, 155, 146, 167, 139, 120, 140, 102, 47, 25, 158, 123, 46, 164, 61, 7, 115, 75, 133, 160, 105, 132, 179, 124, 48, 73, 93, 39, 95, 195, 29, 177, 185, 161]
2024-10-17 14:56:06,164 [trainer.py] => config: ./exps/ease_ina.json
2024-10-17 14:56:06,164 [trainer.py] => prefix:  
2024-10-17 14:56:06,164 [trainer.py] => dataset: imageneta
2024-10-17 14:56:06,164 [trainer.py] => memory_size: 0
2024-10-17 14:56:06,164 [trainer.py] => memory_per_class: 0
2024-10-17 14:56:06,164 [trainer.py] => fixed_memory: False
2024-10-17 14:56:06,164 [trainer.py] => shuffle: True
2024-10-17 14:56:06,164 [trainer.py] => init_cls: 20
2024-10-17 14:56:06,164 [trainer.py] => increment: 20
2024-10-17 14:56:06,164 [trainer.py] => model_name: ease
2024-10-17 14:56:06,164 [trainer.py] => backbone_type: vit_base_patch16_224_ease
2024-10-17 14:56:06,164 [trainer.py] => device: [device(type='cuda', index=3)]
2024-10-17 14:56:06,164 [trainer.py] => seed: 1993
2024-10-17 14:56:06,164 [trainer.py] => init_epochs: 20
2024-10-17 14:56:06,164 [trainer.py] => init_lr: 0.05
2024-10-17 14:56:06,164 [trainer.py] => later_epochs: 20
2024-10-17 14:56:06,164 [trainer.py] => later_lr: 0.05
2024-10-17 14:56:06,164 [trainer.py] => batch_size: 32
2024-10-17 14:56:06,164 [trainer.py] => weight_decay: 0.005
2024-10-17 14:56:06,164 [trainer.py] => min_lr: 0
2024-10-17 14:56:06,164 [trainer.py] => optimizer: sgd
2024-10-17 14:56:06,164 [trainer.py] => scheduler: cosine
2024-10-17 14:56:06,164 [trainer.py] => pretrained: True
2024-10-17 14:56:06,164 [trainer.py] => vpt_type: Deep
2024-10-17 14:56:06,164 [trainer.py] => prompt_token_num: 5
2024-10-17 14:56:06,164 [trainer.py] => ffn_num: 64
2024-10-17 14:56:06,164 [trainer.py] => use_diagonal: False
2024-10-17 14:56:06,164 [trainer.py] => recalc_sim: True
2024-10-17 14:56:06,164 [trainer.py] => alpha: 0.1
2024-10-17 14:56:06,164 [trainer.py] => use_init_ptm: False
2024-10-17 14:56:06,164 [trainer.py] => beta: 0
2024-10-17 14:56:06,164 [trainer.py] => use_old_data: False
2024-10-17 14:56:06,164 [trainer.py] => use_reweight: True
2024-10-17 14:56:06,164 [trainer.py] => moni_adam: False
2024-10-17 14:56:06,164 [trainer.py] => adapter_num: -1
2024-10-17 14:56:06,413 [data_manage.py] => [168, 136, 51, 9, 183, 101, 171, 99, 42, 159, 191, 70, 16, 188, 27, 10, 175, 26, 68, 187, 98, 6, 85, 35, 112, 43, 100, 0, 103, 181, 88, 59, 4, 2, 116, 174, 94, 80, 106, 1, 147, 17, 141, 131, 72, 23, 173, 54, 197, 118, 87, 32, 79, 104, 91, 19, 135, 107, 178, 36, 11, 199, 142, 8, 122, 3, 28, 57, 153, 172, 190, 56, 49, 44, 97, 62, 151, 169, 194, 55, 192, 12, 189, 78, 66, 180, 15, 137, 109, 134, 92, 119, 126, 52, 170, 40, 148, 65, 144, 64, 138, 45, 77, 89, 154, 90, 71, 193, 74, 30, 113, 143, 96, 84, 67, 50, 186, 156, 69, 21, 18, 111, 108, 58, 125, 157, 150, 110, 182, 129, 166, 83, 81, 60, 13, 165, 14, 176, 63, 117, 5, 22, 145, 121, 38, 41, 82, 127, 114, 20, 31, 53, 37, 163, 196, 130, 152, 162, 86, 76, 24, 34, 184, 149, 33, 128, 198, 155, 146, 167, 139, 120, 140, 102, 47, 25, 158, 123, 46, 164, 61, 7, 115, 75, 133, 160, 105, 132, 179, 124, 48, 73, 93, 39, 95, 195, 29, 177, 185, 161]
2024-10-17 15:05:50,439 [trainer.py] => config: ./exps/ease_ina.json
2024-10-17 15:05:50,439 [trainer.py] => prefix:  
2024-10-17 15:05:50,439 [trainer.py] => dataset: imageneta
2024-10-17 15:05:50,439 [trainer.py] => memory_size: 0
2024-10-17 15:05:50,439 [trainer.py] => memory_per_class: 0
2024-10-17 15:05:50,439 [trainer.py] => fixed_memory: False
2024-10-17 15:05:50,439 [trainer.py] => shuffle: True
2024-10-17 15:05:50,439 [trainer.py] => init_cls: 20
2024-10-17 15:05:50,439 [trainer.py] => increment: 20
2024-10-17 15:05:50,439 [trainer.py] => model_name: ease
2024-10-17 15:05:50,439 [trainer.py] => backbone_type: vit_base_patch16_224_ease
2024-10-17 15:05:50,439 [trainer.py] => device: [device(type='cpu')]
2024-10-17 15:05:50,439 [trainer.py] => seed: 1993
2024-10-17 15:05:50,439 [trainer.py] => init_epochs: 20
2024-10-17 15:05:50,439 [trainer.py] => init_lr: 0.05
2024-10-17 15:05:50,439 [trainer.py] => later_epochs: 20
2024-10-17 15:05:50,439 [trainer.py] => later_lr: 0.05
2024-10-17 15:05:50,439 [trainer.py] => batch_size: 32
2024-10-17 15:05:50,439 [trainer.py] => weight_decay: 0.005
2024-10-17 15:05:50,439 [trainer.py] => min_lr: 0
2024-10-17 15:05:50,439 [trainer.py] => optimizer: sgd
2024-10-17 15:05:50,439 [trainer.py] => scheduler: cosine
2024-10-17 15:05:50,439 [trainer.py] => pretrained: True
2024-10-17 15:05:50,439 [trainer.py] => vpt_type: Deep
2024-10-17 15:05:50,439 [trainer.py] => prompt_token_num: 5
2024-10-17 15:05:50,439 [trainer.py] => ffn_num: 64
2024-10-17 15:05:50,439 [trainer.py] => use_diagonal: False
2024-10-17 15:05:50,439 [trainer.py] => recalc_sim: True
2024-10-17 15:05:50,439 [trainer.py] => alpha: 0.1
2024-10-17 15:05:50,439 [trainer.py] => use_init_ptm: False
2024-10-17 15:05:50,439 [trainer.py] => beta: 0
2024-10-17 15:05:50,439 [trainer.py] => use_old_data: False
2024-10-17 15:05:50,439 [trainer.py] => use_reweight: True
2024-10-17 15:05:50,439 [trainer.py] => moni_adam: False
2024-10-17 15:05:50,439 [trainer.py] => adapter_num: -1
2024-10-17 15:05:50,674 [data_manage.py] => [168, 136, 51, 9, 183, 101, 171, 99, 42, 159, 191, 70, 16, 188, 27, 10, 175, 26, 68, 187, 98, 6, 85, 35, 112, 43, 100, 0, 103, 181, 88, 59, 4, 2, 116, 174, 94, 80, 106, 1, 147, 17, 141, 131, 72, 23, 173, 54, 197, 118, 87, 32, 79, 104, 91, 19, 135, 107, 178, 36, 11, 199, 142, 8, 122, 3, 28, 57, 153, 172, 190, 56, 49, 44, 97, 62, 151, 169, 194, 55, 192, 12, 189, 78, 66, 180, 15, 137, 109, 134, 92, 119, 126, 52, 170, 40, 148, 65, 144, 64, 138, 45, 77, 89, 154, 90, 71, 193, 74, 30, 113, 143, 96, 84, 67, 50, 186, 156, 69, 21, 18, 111, 108, 58, 125, 157, 150, 110, 182, 129, 166, 83, 81, 60, 13, 165, 14, 176, 63, 117, 5, 22, 145, 121, 38, 41, 82, 127, 114, 20, 31, 53, 37, 163, 196, 130, 152, 162, 86, 76, 24, 34, 184, 149, 33, 128, 198, 155, 146, 167, 139, 120, 140, 102, 47, 25, 158, 123, 46, 164, 61, 7, 115, 75, 133, 160, 105, 132, 179, 124, 48, 73, 93, 39, 95, 195, 29, 177, 185, 161]
2024-10-17 15:05:53,180 [_builder.py] => Loading pretrained weights from Hugging Face hub (timm/vit_base_patch16_224.augreg2_in21k_ft_in1k)
2024-10-17 15:09:57,504 [_hub.py] => [timm/vit_base_patch16_224.augreg2_in21k_ft_in1k] Safe alternative available for 'pytorch_model.bin' (as 'model.safetensors'). Loading weights using safetensors.
2024-10-17 15:09:57,758 [trainer.py] => All params: 86988288
2024-10-17 15:09:57,759 [trainer.py] => Trainable params: 1189632
2024-10-17 15:13:47,877 [trainer.py] => config: ./exps/ease_ina.json
2024-10-17 15:13:47,877 [trainer.py] => prefix:  
2024-10-17 15:13:47,877 [trainer.py] => dataset: imageneta
2024-10-17 15:13:47,877 [trainer.py] => memory_size: 0
2024-10-17 15:13:47,877 [trainer.py] => memory_per_class: 0
2024-10-17 15:13:47,877 [trainer.py] => fixed_memory: False
2024-10-17 15:13:47,877 [trainer.py] => shuffle: True
2024-10-17 15:13:47,877 [trainer.py] => init_cls: 20
2024-10-17 15:13:47,877 [trainer.py] => increment: 20
2024-10-17 15:13:47,877 [trainer.py] => model_name: ease
2024-10-17 15:13:47,877 [trainer.py] => backbone_type: vit_base_patch16_224_ease
2024-10-17 15:13:47,877 [trainer.py] => device: [device(type='cpu')]
2024-10-17 15:13:47,877 [trainer.py] => seed: 1993
2024-10-17 15:13:47,877 [trainer.py] => init_epochs: 20
2024-10-17 15:13:47,877 [trainer.py] => init_lr: 0.05
2024-10-17 15:13:47,877 [trainer.py] => later_epochs: 20
2024-10-17 15:13:47,877 [trainer.py] => later_lr: 0.05
2024-10-17 15:13:47,877 [trainer.py] => batch_size: 32
2024-10-17 15:13:47,877 [trainer.py] => weight_decay: 0.005
2024-10-17 15:13:47,877 [trainer.py] => min_lr: 0
2024-10-17 15:13:47,877 [trainer.py] => optimizer: sgd
2024-10-17 15:13:47,877 [trainer.py] => scheduler: cosine
2024-10-17 15:13:47,877 [trainer.py] => pretrained: True
2024-10-17 15:13:47,877 [trainer.py] => vpt_type: Deep
2024-10-17 15:13:47,877 [trainer.py] => prompt_token_num: 5
2024-10-17 15:13:47,877 [trainer.py] => ffn_num: 64
2024-10-17 15:13:47,877 [trainer.py] => use_diagonal: False
2024-10-17 15:13:47,877 [trainer.py] => recalc_sim: True
2024-10-17 15:13:47,877 [trainer.py] => alpha: 0.1
2024-10-17 15:13:47,877 [trainer.py] => use_init_ptm: False
2024-10-17 15:13:47,877 [trainer.py] => beta: 0
2024-10-17 15:13:47,877 [trainer.py] => use_old_data: False
2024-10-17 15:13:47,877 [trainer.py] => use_reweight: True
2024-10-17 15:13:47,877 [trainer.py] => moni_adam: False
2024-10-17 15:13:47,877 [trainer.py] => adapter_num: -1
2024-10-17 15:13:48,094 [data_manage.py] => [168, 136, 51, 9, 183, 101, 171, 99, 42, 159, 191, 70, 16, 188, 27, 10, 175, 26, 68, 187, 98, 6, 85, 35, 112, 43, 100, 0, 103, 181, 88, 59, 4, 2, 116, 174, 94, 80, 106, 1, 147, 17, 141, 131, 72, 23, 173, 54, 197, 118, 87, 32, 79, 104, 91, 19, 135, 107, 178, 36, 11, 199, 142, 8, 122, 3, 28, 57, 153, 172, 190, 56, 49, 44, 97, 62, 151, 169, 194, 55, 192, 12, 189, 78, 66, 180, 15, 137, 109, 134, 92, 119, 126, 52, 170, 40, 148, 65, 144, 64, 138, 45, 77, 89, 154, 90, 71, 193, 74, 30, 113, 143, 96, 84, 67, 50, 186, 156, 69, 21, 18, 111, 108, 58, 125, 157, 150, 110, 182, 129, 166, 83, 81, 60, 13, 165, 14, 176, 63, 117, 5, 22, 145, 121, 38, 41, 82, 127, 114, 20, 31, 53, 37, 163, 196, 130, 152, 162, 86, 76, 24, 34, 184, 149, 33, 128, 198, 155, 146, 167, 139, 120, 140, 102, 47, 25, 158, 123, 46, 164, 61, 7, 115, 75, 133, 160, 105, 132, 179, 124, 48, 73, 93, 39, 95, 195, 29, 177, 185, 161]
2024-10-17 15:13:50,595 [_builder.py] => Loading pretrained weights from Hugging Face hub (timm/vit_base_patch16_224.augreg2_in21k_ft_in1k)
2024-10-17 15:13:51,019 [_hub.py] => [timm/vit_base_patch16_224.augreg2_in21k_ft_in1k] Safe alternative available for 'pytorch_model.bin' (as 'model.safetensors'). Loading weights using safetensors.
2024-10-17 15:13:51,248 [trainer.py] => All params: 86988288
2024-10-17 15:13:51,249 [trainer.py] => Trainable params: 1189632
2024-10-17 15:13:51,250 [ease.py] => Learning on 0-20
2024-10-17 15:21:29,180 [trainer.py] => config: ./exps/ease_ina.json
2024-10-17 15:21:29,180 [trainer.py] => prefix:  
2024-10-17 15:21:29,180 [trainer.py] => dataset: imageneta
2024-10-17 15:21:29,180 [trainer.py] => memory_size: 0
2024-10-17 15:21:29,180 [trainer.py] => memory_per_class: 0
2024-10-17 15:21:29,180 [trainer.py] => fixed_memory: False
2024-10-17 15:21:29,180 [trainer.py] => shuffle: True
2024-10-17 15:21:29,180 [trainer.py] => init_cls: 20
2024-10-17 15:21:29,180 [trainer.py] => increment: 20
2024-10-17 15:21:29,180 [trainer.py] => model_name: ease
2024-10-17 15:21:29,180 [trainer.py] => backbone_type: vit_base_patch16_224_ease
2024-10-17 15:21:29,180 [trainer.py] => device: [device(type='cpu')]
2024-10-17 15:21:29,180 [trainer.py] => seed: 1993
2024-10-17 15:21:29,180 [trainer.py] => init_epochs: 20
2024-10-17 15:21:29,180 [trainer.py] => init_lr: 0.05
2024-10-17 15:21:29,180 [trainer.py] => later_epochs: 20
2024-10-17 15:21:29,180 [trainer.py] => later_lr: 0.05
2024-10-17 15:21:29,180 [trainer.py] => batch_size: 32
2024-10-17 15:21:29,180 [trainer.py] => weight_decay: 0.005
2024-10-17 15:21:29,180 [trainer.py] => min_lr: 0
2024-10-17 15:21:29,180 [trainer.py] => optimizer: sgd
2024-10-17 15:21:29,180 [trainer.py] => scheduler: cosine
2024-10-17 15:21:29,180 [trainer.py] => pretrained: True
2024-10-17 15:21:29,180 [trainer.py] => vpt_type: Deep
2024-10-17 15:21:29,180 [trainer.py] => prompt_token_num: 5
2024-10-17 15:21:29,180 [trainer.py] => ffn_num: 64
2024-10-17 15:21:29,180 [trainer.py] => use_diagonal: False
2024-10-17 15:21:29,196 [trainer.py] => recalc_sim: True
2024-10-17 15:21:29,196 [trainer.py] => alpha: 0.1
2024-10-17 15:21:29,196 [trainer.py] => use_init_ptm: False
2024-10-17 15:21:29,196 [trainer.py] => beta: 0
2024-10-17 15:21:29,196 [trainer.py] => use_old_data: False
2024-10-17 15:21:29,196 [trainer.py] => use_reweight: True
2024-10-17 15:21:29,196 [trainer.py] => moni_adam: False
2024-10-17 15:21:29,196 [trainer.py] => adapter_num: -1
2024-10-17 15:21:29,413 [data_manage.py] => [168, 136, 51, 9, 183, 101, 171, 99, 42, 159, 191, 70, 16, 188, 27, 10, 175, 26, 68, 187, 98, 6, 85, 35, 112, 43, 100, 0, 103, 181, 88, 59, 4, 2, 116, 174, 94, 80, 106, 1, 147, 17, 141, 131, 72, 23, 173, 54, 197, 118, 87, 32, 79, 104, 91, 19, 135, 107, 178, 36, 11, 199, 142, 8, 122, 3, 28, 57, 153, 172, 190, 56, 49, 44, 97, 62, 151, 169, 194, 55, 192, 12, 189, 78, 66, 180, 15, 137, 109, 134, 92, 119, 126, 52, 170, 40, 148, 65, 144, 64, 138, 45, 77, 89, 154, 90, 71, 193, 74, 30, 113, 143, 96, 84, 67, 50, 186, 156, 69, 21, 18, 111, 108, 58, 125, 157, 150, 110, 182, 129, 166, 83, 81, 60, 13, 165, 14, 176, 63, 117, 5, 22, 145, 121, 38, 41, 82, 127, 114, 20, 31, 53, 37, 163, 196, 130, 152, 162, 86, 76, 24, 34, 184, 149, 33, 128, 198, 155, 146, 167, 139, 120, 140, 102, 47, 25, 158, 123, 46, 164, 61, 7, 115, 75, 133, 160, 105, 132, 179, 124, 48, 73, 93, 39, 95, 195, 29, 177, 185, 161]
2024-10-17 15:21:31,791 [_builder.py] => Loading pretrained weights from Hugging Face hub (timm/vit_base_patch16_224.augreg2_in21k_ft_in1k)
2024-10-17 15:21:33,111 [_hub.py] => [timm/vit_base_patch16_224.augreg2_in21k_ft_in1k] Safe alternative available for 'pytorch_model.bin' (as 'model.safetensors'). Loading weights using safetensors.
2024-10-17 15:21:33,356 [trainer.py] => All params: 86988288
2024-10-17 15:21:33,356 [trainer.py] => Trainable params: 1189632
2024-10-17 15:21:33,357 [ease.py] => Learning on 0-20
2024-10-17 15:39:32,247 [trainer.py] => config: ./exps/ease_ina.json
2024-10-17 15:39:32,248 [trainer.py] => prefix:  
2024-10-17 15:39:32,248 [trainer.py] => dataset: imageneta
2024-10-17 15:39:32,248 [trainer.py] => memory_size: 0
2024-10-17 15:39:32,248 [trainer.py] => memory_per_class: 0
2024-10-17 15:39:32,249 [trainer.py] => fixed_memory: False
2024-10-17 15:39:32,249 [trainer.py] => shuffle: True
2024-10-17 15:39:32,249 [trainer.py] => init_cls: 20
2024-10-17 15:39:32,249 [trainer.py] => increment: 20
2024-10-17 15:39:32,249 [trainer.py] => model_name: ease
2024-10-17 15:39:32,249 [trainer.py] => backbone_type: vit_base_patch16_224_ease
2024-10-17 15:39:32,249 [trainer.py] => device: [device(type='cpu')]
2024-10-17 15:39:32,249 [trainer.py] => seed: 1993
2024-10-17 15:39:32,249 [trainer.py] => init_epochs: 20
2024-10-17 15:39:32,249 [trainer.py] => init_lr: 0.05
2024-10-17 15:39:32,249 [trainer.py] => later_epochs: 20
2024-10-17 15:39:32,250 [trainer.py] => later_lr: 0.05
2024-10-17 15:39:32,250 [trainer.py] => batch_size: 32
2024-10-17 15:39:32,250 [trainer.py] => weight_decay: 0.005
2024-10-17 15:39:32,250 [trainer.py] => min_lr: 0
2024-10-17 15:39:32,250 [trainer.py] => optimizer: sgd
2024-10-17 15:39:32,250 [trainer.py] => scheduler: cosine
2024-10-17 15:39:32,250 [trainer.py] => pretrained: True
2024-10-17 15:39:32,250 [trainer.py] => vpt_type: Deep
2024-10-17 15:39:32,250 [trainer.py] => prompt_token_num: 5
2024-10-17 15:39:32,251 [trainer.py] => ffn_num: 64
2024-10-17 15:39:32,251 [trainer.py] => use_diagonal: False
2024-10-17 15:39:32,251 [trainer.py] => recalc_sim: True
2024-10-17 15:39:32,251 [trainer.py] => alpha: 0.1
2024-10-17 15:39:32,251 [trainer.py] => use_init_ptm: False
2024-10-17 15:39:32,251 [trainer.py] => beta: 0
2024-10-17 15:39:32,251 [trainer.py] => use_old_data: False
2024-10-17 15:39:32,251 [trainer.py] => use_reweight: True
2024-10-17 15:39:32,251 [trainer.py] => moni_adam: False
2024-10-17 15:39:32,252 [trainer.py] => adapter_num: -1
2024-10-17 15:39:32,471 [data_manage.py] => [168, 136, 51, 9, 183, 101, 171, 99, 42, 159, 191, 70, 16, 188, 27, 10, 175, 26, 68, 187, 98, 6, 85, 35, 112, 43, 100, 0, 103, 181, 88, 59, 4, 2, 116, 174, 94, 80, 106, 1, 147, 17, 141, 131, 72, 23, 173, 54, 197, 118, 87, 32, 79, 104, 91, 19, 135, 107, 178, 36, 11, 199, 142, 8, 122, 3, 28, 57, 153, 172, 190, 56, 49, 44, 97, 62, 151, 169, 194, 55, 192, 12, 189, 78, 66, 180, 15, 137, 109, 134, 92, 119, 126, 52, 170, 40, 148, 65, 144, 64, 138, 45, 77, 89, 154, 90, 71, 193, 74, 30, 113, 143, 96, 84, 67, 50, 186, 156, 69, 21, 18, 111, 108, 58, 125, 157, 150, 110, 182, 129, 166, 83, 81, 60, 13, 165, 14, 176, 63, 117, 5, 22, 145, 121, 38, 41, 82, 127, 114, 20, 31, 53, 37, 163, 196, 130, 152, 162, 86, 76, 24, 34, 184, 149, 33, 128, 198, 155, 146, 167, 139, 120, 140, 102, 47, 25, 158, 123, 46, 164, 61, 7, 115, 75, 133, 160, 105, 132, 179, 124, 48, 73, 93, 39, 95, 195, 29, 177, 185, 161]
2024-10-17 15:39:34,899 [_builder.py] => Loading pretrained weights from Hugging Face hub (timm/vit_base_patch16_224.augreg2_in21k_ft_in1k)
2024-10-17 15:39:35,240 [_hub.py] => [timm/vit_base_patch16_224.augreg2_in21k_ft_in1k] Safe alternative available for 'pytorch_model.bin' (as 'model.safetensors'). Loading weights using safetensors.
2024-10-17 15:39:35,476 [trainer.py] => All params: 86988288
2024-10-17 15:39:35,476 [trainer.py] => Trainable params: 1189632
2024-10-17 15:39:35,476 [ease.py] => Learning on 0-20
2024-10-17 15:42:39,781 [trainer.py] => config: ./exps/ease_ina.json
2024-10-17 15:42:39,781 [trainer.py] => prefix:  
2024-10-17 15:42:39,781 [trainer.py] => dataset: imageneta
2024-10-17 15:42:39,781 [trainer.py] => memory_size: 0
2024-10-17 15:42:39,781 [trainer.py] => memory_per_class: 0
2024-10-17 15:42:39,781 [trainer.py] => fixed_memory: False
2024-10-17 15:42:39,781 [trainer.py] => shuffle: True
2024-10-17 15:42:39,781 [trainer.py] => init_cls: 20
2024-10-17 15:42:39,781 [trainer.py] => increment: 20
2024-10-17 15:42:39,781 [trainer.py] => model_name: ease
2024-10-17 15:42:39,781 [trainer.py] => backbone_type: vit_base_patch16_224_ease
2024-10-17 15:42:39,781 [trainer.py] => device: [device(type='cpu')]
2024-10-17 15:42:39,781 [trainer.py] => seed: 1993
2024-10-17 15:42:39,781 [trainer.py] => init_epochs: 20
2024-10-17 15:42:39,781 [trainer.py] => init_lr: 0.05
2024-10-17 15:42:39,781 [trainer.py] => later_epochs: 20
2024-10-17 15:42:39,781 [trainer.py] => later_lr: 0.05
2024-10-17 15:42:39,781 [trainer.py] => batch_size: 32
2024-10-17 15:42:39,781 [trainer.py] => weight_decay: 0.005
2024-10-17 15:42:39,781 [trainer.py] => min_lr: 0
2024-10-17 15:42:39,781 [trainer.py] => optimizer: sgd
2024-10-17 15:42:39,781 [trainer.py] => scheduler: cosine
2024-10-17 15:42:39,781 [trainer.py] => pretrained: True
2024-10-17 15:42:39,781 [trainer.py] => vpt_type: Deep
2024-10-17 15:42:39,781 [trainer.py] => prompt_token_num: 5
2024-10-17 15:42:39,781 [trainer.py] => ffn_num: 64
2024-10-17 15:42:39,781 [trainer.py] => use_diagonal: False
2024-10-17 15:42:39,781 [trainer.py] => recalc_sim: True
2024-10-17 15:42:39,781 [trainer.py] => alpha: 0.1
2024-10-17 15:42:39,781 [trainer.py] => use_init_ptm: False
2024-10-17 15:42:39,781 [trainer.py] => beta: 0
2024-10-17 15:42:39,781 [trainer.py] => use_old_data: False
2024-10-17 15:42:39,797 [trainer.py] => use_reweight: True
2024-10-17 15:42:39,797 [trainer.py] => moni_adam: False
2024-10-17 15:42:39,797 [trainer.py] => adapter_num: -1
2024-10-17 15:42:40,012 [data_manage.py] => [168, 136, 51, 9, 183, 101, 171, 99, 42, 159, 191, 70, 16, 188, 27, 10, 175, 26, 68, 187, 98, 6, 85, 35, 112, 43, 100, 0, 103, 181, 88, 59, 4, 2, 116, 174, 94, 80, 106, 1, 147, 17, 141, 131, 72, 23, 173, 54, 197, 118, 87, 32, 79, 104, 91, 19, 135, 107, 178, 36, 11, 199, 142, 8, 122, 3, 28, 57, 153, 172, 190, 56, 49, 44, 97, 62, 151, 169, 194, 55, 192, 12, 189, 78, 66, 180, 15, 137, 109, 134, 92, 119, 126, 52, 170, 40, 148, 65, 144, 64, 138, 45, 77, 89, 154, 90, 71, 193, 74, 30, 113, 143, 96, 84, 67, 50, 186, 156, 69, 21, 18, 111, 108, 58, 125, 157, 150, 110, 182, 129, 166, 83, 81, 60, 13, 165, 14, 176, 63, 117, 5, 22, 145, 121, 38, 41, 82, 127, 114, 20, 31, 53, 37, 163, 196, 130, 152, 162, 86, 76, 24, 34, 184, 149, 33, 128, 198, 155, 146, 167, 139, 120, 140, 102, 47, 25, 158, 123, 46, 164, 61, 7, 115, 75, 133, 160, 105, 132, 179, 124, 48, 73, 93, 39, 95, 195, 29, 177, 185, 161]
2024-10-17 15:42:42,090 [_builder.py] => Loading pretrained weights from Hugging Face hub (timm/vit_base_patch16_224.augreg2_in21k_ft_in1k)
2024-10-17 15:42:42,429 [_hub.py] => [timm/vit_base_patch16_224.augreg2_in21k_ft_in1k] Safe alternative available for 'pytorch_model.bin' (as 'model.safetensors'). Loading weights using safetensors.
2024-10-17 15:42:42,660 [trainer.py] => All params: 86988288
2024-10-17 15:42:42,661 [trainer.py] => Trainable params: 1189632
2024-10-17 15:42:42,661 [ease.py] => Learning on 0-20
2024-10-17 15:46:43,168 [trainer.py] => config: ./exps/ease_ina.json
2024-10-17 15:46:43,168 [trainer.py] => prefix:  
2024-10-17 15:46:43,168 [trainer.py] => dataset: imageneta
2024-10-17 15:46:43,168 [trainer.py] => memory_size: 0
2024-10-17 15:46:43,168 [trainer.py] => memory_per_class: 0
2024-10-17 15:46:43,168 [trainer.py] => fixed_memory: False
2024-10-17 15:46:43,168 [trainer.py] => shuffle: True
2024-10-17 15:46:43,168 [trainer.py] => init_cls: 20
2024-10-17 15:46:43,168 [trainer.py] => increment: 20
2024-10-17 15:46:43,168 [trainer.py] => model_name: ease
2024-10-17 15:46:43,168 [trainer.py] => backbone_type: vit_base_patch16_224_ease
2024-10-17 15:46:43,168 [trainer.py] => device: [device(type='cpu')]
2024-10-17 15:46:43,168 [trainer.py] => seed: 1993
2024-10-17 15:46:43,168 [trainer.py] => init_epochs: 20
2024-10-17 15:46:43,168 [trainer.py] => init_lr: 0.05
2024-10-17 15:46:43,168 [trainer.py] => later_epochs: 20
2024-10-17 15:46:43,168 [trainer.py] => later_lr: 0.05
2024-10-17 15:46:43,168 [trainer.py] => batch_size: 32
2024-10-17 15:46:43,168 [trainer.py] => weight_decay: 0.005
2024-10-17 15:46:43,168 [trainer.py] => min_lr: 0
2024-10-17 15:46:43,168 [trainer.py] => optimizer: sgd
2024-10-17 15:46:43,168 [trainer.py] => scheduler: cosine
2024-10-17 15:46:43,168 [trainer.py] => pretrained: True
2024-10-17 15:46:43,168 [trainer.py] => vpt_type: Deep
2024-10-17 15:46:43,168 [trainer.py] => prompt_token_num: 5
2024-10-17 15:46:43,168 [trainer.py] => ffn_num: 64
2024-10-17 15:46:43,168 [trainer.py] => use_diagonal: False
2024-10-17 15:46:43,168 [trainer.py] => recalc_sim: True
2024-10-17 15:46:43,168 [trainer.py] => alpha: 0.1
2024-10-17 15:46:43,168 [trainer.py] => use_init_ptm: False
2024-10-17 15:46:43,168 [trainer.py] => beta: 0
2024-10-17 15:46:43,168 [trainer.py] => use_old_data: False
2024-10-17 15:46:43,168 [trainer.py] => use_reweight: True
2024-10-17 15:46:43,168 [trainer.py] => moni_adam: False
2024-10-17 15:46:43,168 [trainer.py] => adapter_num: -1
2024-10-17 15:46:43,406 [data_manage.py] => [168, 136, 51, 9, 183, 101, 171, 99, 42, 159, 191, 70, 16, 188, 27, 10, 175, 26, 68, 187, 98, 6, 85, 35, 112, 43, 100, 0, 103, 181, 88, 59, 4, 2, 116, 174, 94, 80, 106, 1, 147, 17, 141, 131, 72, 23, 173, 54, 197, 118, 87, 32, 79, 104, 91, 19, 135, 107, 178, 36, 11, 199, 142, 8, 122, 3, 28, 57, 153, 172, 190, 56, 49, 44, 97, 62, 151, 169, 194, 55, 192, 12, 189, 78, 66, 180, 15, 137, 109, 134, 92, 119, 126, 52, 170, 40, 148, 65, 144, 64, 138, 45, 77, 89, 154, 90, 71, 193, 74, 30, 113, 143, 96, 84, 67, 50, 186, 156, 69, 21, 18, 111, 108, 58, 125, 157, 150, 110, 182, 129, 166, 83, 81, 60, 13, 165, 14, 176, 63, 117, 5, 22, 145, 121, 38, 41, 82, 127, 114, 20, 31, 53, 37, 163, 196, 130, 152, 162, 86, 76, 24, 34, 184, 149, 33, 128, 198, 155, 146, 167, 139, 120, 140, 102, 47, 25, 158, 123, 46, 164, 61, 7, 115, 75, 133, 160, 105, 132, 179, 124, 48, 73, 93, 39, 95, 195, 29, 177, 185, 161]
2024-10-17 15:46:45,448 [_builder.py] => Loading pretrained weights from Hugging Face hub (timm/vit_base_patch16_224.augreg2_in21k_ft_in1k)
2024-10-17 15:46:46,454 [_hub.py] => [timm/vit_base_patch16_224.augreg2_in21k_ft_in1k] Safe alternative available for 'pytorch_model.bin' (as 'model.safetensors'). Loading weights using safetensors.
2024-10-17 15:46:46,675 [trainer.py] => All params: 86988288
2024-10-17 15:46:46,676 [trainer.py] => Trainable params: 1189632
2024-10-17 15:46:46,677 [ease.py] => Learning on 0-20
2024-10-17 15:51:51,653 [trainer.py] => config: ./exps/ease_ina.json
2024-10-17 15:51:51,653 [trainer.py] => prefix:  
2024-10-17 15:51:51,653 [trainer.py] => dataset: imageneta
2024-10-17 15:51:51,653 [trainer.py] => memory_size: 0
2024-10-17 15:51:51,653 [trainer.py] => memory_per_class: 0
2024-10-17 15:51:51,653 [trainer.py] => fixed_memory: False
2024-10-17 15:51:51,653 [trainer.py] => shuffle: True
2024-10-17 15:51:51,653 [trainer.py] => init_cls: 20
2024-10-17 15:51:51,653 [trainer.py] => increment: 20
2024-10-17 15:51:51,653 [trainer.py] => model_name: ease
2024-10-17 15:51:51,653 [trainer.py] => backbone_type: vit_base_patch16_224_ease
2024-10-17 15:51:51,653 [trainer.py] => device: [device(type='cpu')]
2024-10-17 15:51:51,653 [trainer.py] => seed: 1993
2024-10-17 15:51:51,653 [trainer.py] => init_epochs: 20
2024-10-17 15:51:51,653 [trainer.py] => init_lr: 0.05
2024-10-17 15:51:51,653 [trainer.py] => later_epochs: 20
2024-10-17 15:51:51,653 [trainer.py] => later_lr: 0.05
2024-10-17 15:51:51,653 [trainer.py] => batch_size: 32
2024-10-17 15:51:51,653 [trainer.py] => weight_decay: 0.005
2024-10-17 15:51:51,653 [trainer.py] => min_lr: 0
2024-10-17 15:51:51,653 [trainer.py] => optimizer: sgd
2024-10-17 15:51:51,653 [trainer.py] => scheduler: cosine
2024-10-17 15:51:51,653 [trainer.py] => pretrained: True
2024-10-17 15:51:51,653 [trainer.py] => vpt_type: Deep
2024-10-17 15:51:51,653 [trainer.py] => prompt_token_num: 5
2024-10-17 15:51:51,653 [trainer.py] => ffn_num: 64
2024-10-17 15:51:51,653 [trainer.py] => use_diagonal: False
2024-10-17 15:51:51,653 [trainer.py] => recalc_sim: True
2024-10-17 15:51:51,653 [trainer.py] => alpha: 0.1
2024-10-17 15:51:51,653 [trainer.py] => use_init_ptm: False
2024-10-17 15:51:51,653 [trainer.py] => beta: 0
2024-10-17 15:51:51,653 [trainer.py] => use_old_data: False
2024-10-17 15:51:51,653 [trainer.py] => use_reweight: True
2024-10-17 15:51:51,653 [trainer.py] => moni_adam: False
2024-10-17 15:51:51,653 [trainer.py] => adapter_num: -1
2024-10-17 15:51:52,045 [data_manage.py] => [168, 136, 51, 9, 183, 101, 171, 99, 42, 159, 191, 70, 16, 188, 27, 10, 175, 26, 68, 187, 98, 6, 85, 35, 112, 43, 100, 0, 103, 181, 88, 59, 4, 2, 116, 174, 94, 80, 106, 1, 147, 17, 141, 131, 72, 23, 173, 54, 197, 118, 87, 32, 79, 104, 91, 19, 135, 107, 178, 36, 11, 199, 142, 8, 122, 3, 28, 57, 153, 172, 190, 56, 49, 44, 97, 62, 151, 169, 194, 55, 192, 12, 189, 78, 66, 180, 15, 137, 109, 134, 92, 119, 126, 52, 170, 40, 148, 65, 144, 64, 138, 45, 77, 89, 154, 90, 71, 193, 74, 30, 113, 143, 96, 84, 67, 50, 186, 156, 69, 21, 18, 111, 108, 58, 125, 157, 150, 110, 182, 129, 166, 83, 81, 60, 13, 165, 14, 176, 63, 117, 5, 22, 145, 121, 38, 41, 82, 127, 114, 20, 31, 53, 37, 163, 196, 130, 152, 162, 86, 76, 24, 34, 184, 149, 33, 128, 198, 155, 146, 167, 139, 120, 140, 102, 47, 25, 158, 123, 46, 164, 61, 7, 115, 75, 133, 160, 105, 132, 179, 124, 48, 73, 93, 39, 95, 195, 29, 177, 185, 161]
2024-10-17 15:51:54,431 [_builder.py] => Loading pretrained weights from Hugging Face hub (timm/vit_base_patch16_224.augreg2_in21k_ft_in1k)
2024-10-17 15:51:54,778 [_hub.py] => [timm/vit_base_patch16_224.augreg2_in21k_ft_in1k] Safe alternative available for 'pytorch_model.bin' (as 'model.safetensors'). Loading weights using safetensors.
2024-10-17 15:51:55,438 [trainer.py] => All params: 86988288
2024-10-17 15:51:55,438 [trainer.py] => Trainable params: 1189632
2024-10-17 15:51:55,438 [ease.py] => Learning on 0-20
2024-10-17 17:48:23,410 [ease.py] => Task 0, Epoch 20/20 => Loss 0.482, Train_accy 88.23
2024-10-17 17:52:35,143 [ease.py] => Task correct: 100.0
2024-10-17 17:52:35,143 [ease.py] => Task acc: 84.57142857142857
2024-10-17 17:52:35,248 [trainer.py] => No NME accuracy.
2024-10-17 17:52:35,248 [trainer.py] => CNN: {'total': 84.57, '00-19': 84.57, 'old': nan, 'new': 84.57}
2024-10-17 17:52:35,248 [trainer.py] => CNN top1 curve: [84.57]
2024-10-17 17:52:35,248 [trainer.py] => CNN top5 curve: [98.29]

2024-10-17 17:52:35,248 [trainer.py] => Average Accuracy (CNN): 84.57 

2024-10-17 17:52:35,248 [trainer.py] => All params: 87019010
2024-10-17 17:52:35,248 [trainer.py] => Trainable params: 1189632
2024-10-17 17:52:35,248 [ease.py] => Learning on 20-40
2024-10-17 19:59:39,475 [ease.py] => Task 1, Epoch 20/20 => Loss 0.476, Train_accy 89.43
2024-10-17 20:09:35,036 [ease.py] => Task correct: 90.55555555555556
2024-10-17 20:09:35,036 [ease.py] => Task acc: 85.55555555555556
2024-10-17 20:09:35,078 [trainer.py] => No NME accuracy.
2024-10-17 20:09:35,078 [trainer.py] => CNN: {'total': 80.0, '00-19': 77.71, '20-39': 82.16, 'old': 77.71, 'new': 82.16}
2024-10-17 20:09:35,078 [trainer.py] => CNN top1 curve: [84.57, 80.0]
2024-10-17 20:09:35,078 [trainer.py] => CNN top5 curve: [98.29, 96.94]

2024-10-17 20:09:35,078 [trainer.py] => Average Accuracy (CNN): 82.285 

2024-10-17 20:09:35,078 [trainer.py] => All params: 87065090
2024-10-17 20:09:35,085 [trainer.py] => Trainable params: 1189632
2024-10-17 20:09:35,088 [ease.py] => Learning on 40-60
2024-10-17 21:33:09,073 [ease.py] => Task 2, Epoch 20/20 => Loss 0.439, Train_accy 93.15
2024-10-17 21:46:30,227 [ease.py] => Task correct: 86.1344537815126
2024-10-17 21:46:30,227 [ease.py] => Task acc: 85.71428571428571
2024-10-17 21:46:30,274 [trainer.py] => No NME accuracy.
2024-10-17 21:46:30,274 [trainer.py] => CNN: {'total': 77.73, '00-19': 75.43, '20-39': 80.0, '40-59': 77.59, 'old': 77.78, 'new': 77.59}
2024-10-17 21:46:30,274 [trainer.py] => CNN top1 curve: [84.57, 80.0, 77.73]
2024-10-17 21:46:30,274 [trainer.py] => CNN top5 curve: [98.29, 96.94, 95.8]

2024-10-17 21:46:30,274 [trainer.py] => Average Accuracy (CNN): 80.76666666666667 

2024-10-17 21:46:30,274 [trainer.py] => All params: 87141890
2024-10-17 21:46:30,274 [trainer.py] => Trainable params: 1189632
2024-10-17 21:46:30,290 [ease.py] => Learning on 60-80
2024-10-17 23:53:12,115 [ease.py] => Task 3, Epoch 20/20 => Loss 0.413, Train_accy 90.18
2024-10-18 00:18:44,080 [ease.py] => Task correct: 82.378223495702
2024-10-18 00:18:44,080 [ease.py] => Task acc: 86.53295128939828
2024-10-18 00:18:44,127 [trainer.py] => No NME accuracy.
2024-10-18 00:18:44,142 [trainer.py] => CNN: {'total': 75.79, '00-19': 73.14, '20-39': 77.3, '40-59': 70.69, '60-79': 79.28, 'old': 74.16, 'new': 79.28}
2024-10-18 00:18:44,142 [trainer.py] => CNN top1 curve: [84.57, 80.0, 77.73, 75.79]
2024-10-18 00:18:44,142 [trainer.py] => CNN top5 curve: [98.29, 96.94, 95.8, 94.27]

2024-10-18 00:18:44,142 [trainer.py] => Average Accuracy (CNN): 79.52250000000001 

2024-10-18 00:18:44,142 [trainer.py] => All params: 87249410
2024-10-18 00:18:44,142 [trainer.py] => Trainable params: 1189632
2024-10-18 00:18:44,142 [ease.py] => Learning on 80-100
2024-10-18 01:45:13,981 [ease.py] => Task 4, Epoch 20/20 => Loss 0.373, Train_accy 93.51
2024-10-18 02:14:42,779 [ease.py] => Task correct: 77.40784780023782
2024-10-18 02:14:42,779 [ease.py] => Task acc: 86.44470868014268
2024-10-18 02:14:42,826 [trainer.py] => No NME accuracy.
2024-10-18 02:14:42,826 [trainer.py] => CNN: {'total': 71.58, '00-19': 67.43, '20-39': 75.68, '40-59': 68.97, '60-79': 75.68, '80-99': 67.13, 'old': 72.49, 'new': 67.13}
2024-10-18 02:14:42,826 [trainer.py] => CNN top1 curve: [84.57, 80.0, 77.73, 75.79, 71.58]
2024-10-18 02:14:42,842 [trainer.py] => CNN top5 curve: [98.29, 96.94, 95.8, 94.27, 92.15]

2024-10-18 02:14:42,842 [trainer.py] => Average Accuracy (CNN): 77.934 

2024-10-18 02:14:42,842 [trainer.py] => All params: 87387650
2024-10-18 02:14:42,842 [trainer.py] => Trainable params: 1189632
2024-10-18 02:14:42,842 [ease.py] => Learning on 100-120
2024-10-18 03:41:54,201 [ease.py] => Task 5, Epoch 20/20 => Loss 0.355, Train_accy 94.07
2024-10-18 04:20:24,058 [ease.py] => Task correct: 74.46153846153847
2024-10-18 04:20:24,058 [ease.py] => Task acc: 86.76923076923077
2024-10-18 04:20:24,105 [trainer.py] => No NME accuracy.
2024-10-18 04:20:24,105 [trainer.py] => CNN: {'total': 69.44, '00-19': 65.71, '20-39': 73.51, '40-59': 62.07, '60-79': 72.07, '80-99': 65.73, '100-119': 74.63, 'old': 68.61, 'new': 74.63}
2024-10-18 04:20:24,105 [trainer.py] => CNN top1 curve: [84.57, 80.0, 77.73, 75.79, 71.58, 69.44]
2024-10-18 04:20:24,105 [trainer.py] => CNN top5 curve: [98.29, 96.94, 95.8, 94.27, 92.15, 91.28]

2024-10-18 04:20:24,121 [trainer.py] => Average Accuracy (CNN): 76.51833333333333 

2024-10-18 04:20:24,121 [trainer.py] => All params: 87556610
2024-10-18 04:20:24,121 [trainer.py] => Trainable params: 1189632
2024-10-18 04:20:24,121 [ease.py] => Learning on 120-140
2024-10-18 05:49:59,612 [ease.py] => Task 6, Epoch 20/20 => Loss 0.490, Train_accy 90.35
2024-10-18 06:39:36,765 [ease.py] => Task correct: 70.91882247992864
2024-10-18 06:39:36,765 [ease.py] => Task acc: 86.35147190008921
2024-10-18 06:39:36,796 [trainer.py] => No NME accuracy.
2024-10-18 06:39:36,796 [trainer.py] => CNN: {'total': 66.46, '00-19': 62.29, '20-39': 71.35, '40-59': 58.62, '60-79': 68.02, '80-99': 64.34, '100-119': 73.13, '120-139': 65.07, 'old': 66.67, 'new': 65.07}
2024-10-18 06:39:36,796 [trainer.py] => CNN top1 curve: [84.57, 80.0, 77.73, 75.79, 71.58, 69.44, 66.46]
2024-10-18 06:39:36,796 [trainer.py] => CNN top5 curve: [98.29, 96.94, 95.8, 94.27, 92.15, 91.28, 88.76]

2024-10-18 06:39:36,796 [trainer.py] => Average Accuracy (CNN): 75.08142857142857 

2024-10-18 06:39:36,796 [trainer.py] => All params: 87756290
2024-10-18 06:39:36,796 [trainer.py] => Trainable params: 1189632
2024-10-18 06:39:36,811 [ease.py] => Learning on 140-160
2024-10-18 08:44:12,818 [trainer.py] => config: ./exps/ease_ina.json
2024-10-18 08:44:12,819 [trainer.py] => prefix:  
2024-10-18 08:44:12,819 [trainer.py] => dataset: imageneta
2024-10-18 08:44:12,819 [trainer.py] => memory_size: 0
2024-10-18 08:44:12,819 [trainer.py] => memory_per_class: 0
2024-10-18 08:44:12,819 [trainer.py] => fixed_memory: False
2024-10-18 08:44:12,819 [trainer.py] => shuffle: True
2024-10-18 08:44:12,820 [trainer.py] => init_cls: 20
2024-10-18 08:44:12,820 [trainer.py] => increment: 20
2024-10-18 08:44:12,820 [trainer.py] => model_name: ease
2024-10-18 08:44:12,821 [trainer.py] => backbone_type: vit_base_patch16_224_ease
2024-10-18 08:44:12,821 [trainer.py] => device: [device(type='cpu')]
2024-10-18 08:44:12,821 [trainer.py] => seed: 1993
2024-10-18 08:44:12,821 [trainer.py] => init_epochs: 20
2024-10-18 08:44:12,821 [trainer.py] => init_lr: 0.05
2024-10-18 08:44:12,821 [trainer.py] => later_epochs: 20
2024-10-18 08:44:12,821 [trainer.py] => later_lr: 0.05
2024-10-18 08:44:12,822 [trainer.py] => batch_size: 32
2024-10-18 08:44:12,822 [trainer.py] => weight_decay: 0.005
2024-10-18 08:44:12,822 [trainer.py] => min_lr: 0
2024-10-18 08:44:12,822 [trainer.py] => optimizer: sgd
2024-10-18 08:44:12,822 [trainer.py] => scheduler: cosine
2024-10-18 08:44:12,822 [trainer.py] => pretrained: True
2024-10-18 08:44:12,822 [trainer.py] => vpt_type: Deep
2024-10-18 08:44:12,822 [trainer.py] => prompt_token_num: 5
2024-10-18 08:44:12,822 [trainer.py] => ffn_num: 64
2024-10-18 08:44:12,823 [trainer.py] => use_diagonal: False
2024-10-18 08:44:12,823 [trainer.py] => recalc_sim: True
2024-10-18 08:44:12,823 [trainer.py] => alpha: 0.1
2024-10-18 08:44:12,823 [trainer.py] => use_init_ptm: False
2024-10-18 08:44:12,823 [trainer.py] => beta: 0
2024-10-18 08:44:12,823 [trainer.py] => use_old_data: False
2024-10-18 08:44:12,823 [trainer.py] => use_reweight: True
2024-10-18 08:44:12,823 [trainer.py] => moni_adam: False
2024-10-18 08:44:12,823 [trainer.py] => adapter_num: -1
2024-10-18 08:44:13,058 [data_manage.py] => [168, 136, 51, 9, 183, 101, 171, 99, 42, 159, 191, 70, 16, 188, 27, 10, 175, 26, 68, 187, 98, 6, 85, 35, 112, 43, 100, 0, 103, 181, 88, 59, 4, 2, 116, 174, 94, 80, 106, 1, 147, 17, 141, 131, 72, 23, 173, 54, 197, 118, 87, 32, 79, 104, 91, 19, 135, 107, 178, 36, 11, 199, 142, 8, 122, 3, 28, 57, 153, 172, 190, 56, 49, 44, 97, 62, 151, 169, 194, 55, 192, 12, 189, 78, 66, 180, 15, 137, 109, 134, 92, 119, 126, 52, 170, 40, 148, 65, 144, 64, 138, 45, 77, 89, 154, 90, 71, 193, 74, 30, 113, 143, 96, 84, 67, 50, 186, 156, 69, 21, 18, 111, 108, 58, 125, 157, 150, 110, 182, 129, 166, 83, 81, 60, 13, 165, 14, 176, 63, 117, 5, 22, 145, 121, 38, 41, 82, 127, 114, 20, 31, 53, 37, 163, 196, 130, 152, 162, 86, 76, 24, 34, 184, 149, 33, 128, 198, 155, 146, 167, 139, 120, 140, 102, 47, 25, 158, 123, 46, 164, 61, 7, 115, 75, 133, 160, 105, 132, 179, 124, 48, 73, 93, 39, 95, 195, 29, 177, 185, 161]
2024-10-18 08:44:15,825 [_builder.py] => Loading pretrained weights from Hugging Face hub (timm/vit_base_patch16_224.augreg2_in21k_ft_in1k)
2024-10-18 08:44:16,729 [_hub.py] => [timm/vit_base_patch16_224.augreg2_in21k_ft_in1k] Safe alternative available for 'pytorch_model.bin' (as 'model.safetensors'). Loading weights using safetensors.
2024-10-18 08:44:17,393 [trainer.py] => All params: 86988288
2024-10-18 08:44:17,394 [trainer.py] => Trainable params: 1189632
2024-10-18 08:44:17,395 [ease.py] => Learning on 0-20
